This is XeTeX, Version 3.141592653-2.6-0.999995 (TeX Live 2023) (preloaded format=xelatex 2024.3.20)  7 APR 2024 16:49
entering extended mode
 restricted \write18 enabled.
 %&-line parsing enabled.
**3.tex
(./3.tex
LaTeX2e <2022-11-01> patch level 1
L3 programming layer <2023-02-22>
! Undefined control sequence.
l.1 \subsection
               *{بخش 1}
The control sequence at the end of the top line
of your error message was never \def'ed. If you have
misspelled it (e.g., `\hobx'), type `I' and the correct
spelling (e.g., `I\hbox'). Otherwise just continue,
and I'll forget about whatever was undefined.


! LaTeX Error: Missing \begin{document}.

See the LaTeX manual or LaTeX Companion for explanation.
Type  H <return>  for immediate help.
 ...                                              
                                                  
l.1 \subsection*
                {بخش 1}
You're in trouble here.  Try typing  <return>  to proceed.
If that doesn't work, type  X <return>  to quit.

Missing character: There is no * ("2A) in font nullfont!
Missing character: There is no ب ("628) in font nullfont!
Missing character: There is no خ ("62E) in font nullfont!
Missing character: There is no ش ("634) in font nullfont!
Missing character: There is no 1 ("31) in font nullfont!

Overfull \hbox (20.0pt too wide) in paragraph at lines 1--2
[]
 []

! Undefined control sequence.
l.3 \subsection
               *{بخش 2}
The control sequence at the end of the top line
of your error message was never \def'ed. If you have
misspelled it (e.g., `\hobx'), type `I' and the correct
spelling (e.g., `I\hbox'). Otherwise just continue,
and I'll forget about whatever was undefined.


! LaTeX Error: Missing \begin{document}.

See the LaTeX manual or LaTeX Companion for explanation.
Type  H <return>  for immediate help.
 ...                                              
                                                  
l.3 \subsection*
                {بخش 2}
You're in trouble here.  Try typing  <return>  to proceed.
If that doesn't work, type  X <return>  to quit.

Missing character: There is no * ("2A) in font nullfont!
Missing character: There is no ب ("628) in font nullfont!
Missing character: There is no خ ("62E) in font nullfont!
Missing character: There is no ش ("634) in font nullfont!
Missing character: There is no 2 ("32) in font nullfont!
)
! Emergency stop.
<*> 3.tex
         
*** (job aborted, no legal \end found)

 
Here is how much of TeX's memory you used:
 15 strings out of 476683
 273 string characters out of 5807575
 1842012 words of memory out of 5000000
 20363 multiletter control sequences out of 15000+600000
 512287 words of font info for 32 fonts, out of 8000000 for 9000
 1348 hyphenation exceptions out of 8191
 12i,0n,12p,57b,14s stack positions out of 10000i,1000n,20000p,200000b,200000s
No pages of output.
