\BOOKMARK [1][-]{section.1}{\376\377\006\067\006\061\006\055\000\040\006\251\006\110\006\046\006\061\006\314\000\040}{}% 1
\BOOKMARK [1][-]{section.2}{\376\377\006\105\006\057\006\104\040\014\006\107\006\047\006\314\000\040\006\176\006\061\006\057\006\047\006\062\006\064\006\314}{}% 2
\BOOKMARK [2][-]{subsection.2.1}{\376\377\006\105\006\057\006\104\000\040\000I\000t\000e\000r\000a\000t\000o\000r}{section.2}% 3
\BOOKMARK [2][-]{subsection.2.2}{\376\377\006\105\006\057\006\104\000\040\000M\000a\000t\000e\000r\000i\000a\000l\000i\000z\000a\000t\000i\000o\000n\040\014}{section.2}% 4
\BOOKMARK [2][-]{subsection.2.3}{\376\377\006\105\006\057\006\104\000\040\000V\000e\000c\000t\000o\000r\000i\000z\000a\000t\000i\000o\000n}{section.2}% 5
\BOOKMARK [2][-]{subsection.2.4}{\376\377\006\054\006\107\006\052\000\040\006\176\006\061\006\057\006\047\006\062\006\064}{section.2}% 6
\BOOKMARK [1][-]{section.3}{\376\377\006\061\006\110\006\064\040\014\006\107\006\047\006\314\000\040\006\057\006\063\006\052\006\061\006\063\006\314}{}% 7
\BOOKMARK [2][-]{subsection.3.1}{\376\377\006\047\006\063\006\251\006\106\000\040\006\052\006\061\006\052\006\314\006\050\006\314}{section.3}% 8
\BOOKMARK [2][-]{subsection.3.2}{\376\377\006\047\006\063\006\251\006\106\000\040\006\064\006\047\006\056\006\065}{section.3}% 9
\BOOKMARK [1][-]{section.4}{\376\377\006\251\006\110\006\046\006\061\006\314\040\014\006\107\006\047\006\314\000\040\006\052\006\071\006\057\006\314\006\104\006\314}{}% 10
\BOOKMARK [2][-]{subsection.4.1}{\376\377\006\105\006\064\006\251\006\104\000\040\006\107\006\047\006\104\006\110\006\110\006\314\006\106}{section.4}% 11
\BOOKMARK [1][-]{section.5}{\376\377\006\047\006\061\006\062\006\314\006\047\006\050\006\314\000\040\006\071\006\050\006\047\006\061\006\047\006\052}{}% 12
\BOOKMARK [1][-]{section.6}{\376\377\006\050\006\061\006\106\006\047\006\105\006\107\040\014\006\061\006\314\006\062}{}% 13
\BOOKMARK [1][-]{section.7}{\376\377\006\176\006\314\006\064\040\014\006\062\006\105\006\314\006\106\006\107}{}% 14
\BOOKMARK [1][-]{section.8}{\376\377\006\176\006\047\006\314\006\257\006\047\006\107\040\014\006\057\006\047\006\057\006\107\040\014\006\107\006\047\006\314\000\040\000P\000a\000r\000a\000l\000l\000e\000l\000\040\006\057\006\061\000\040\006\105\006\102\006\047\006\050\006\104\000\040\000D\000i\000s\000t\000r\000i\000b\000u\000t\000e\000d}{}% 15
\BOOKMARK [1][-]{section.9}{\376\377\006\105\006\057\006\104\040\014\006\107\006\047\006\314\000\040\006\101\006\061\006\042\006\314\006\106\006\057}{}% 16
\BOOKMARK [2][-]{subsection.9.1}{\376\377\000P\000r\000o\000c\000e\000s\000s\000-\000p\000e\000r\000-\000W\000o\000r\000k\000e\000r}{section.9}% 17
\BOOKMARK [2][-]{subsection.9.2}{\376\377\000T\000h\000r\000e\000a\000d\000-\000p\000e\000r\000-\000W\000o\000r\000k\000e\000r}{section.9}% 18
\BOOKMARK [2][-]{subsection.9.3}{\376\377\006\062\006\105\006\047\006\106\040\014\006\050\006\106\006\057\006\314}{section.9}% 19
\BOOKMARK [2][-]{subsection.9.4}{\376\377\000E\000m\000b\000e\000d\000d\000e\000d\000-\000D\000B\000M\000S}{section.9}% 20
\BOOKMARK [1][-]{section.10}{\376\377\006\105\006\110\006\047\006\062\006\314\040\014\006\063\006\047\006\062\006\314\000\040\006\050\006\314\006\106\000\040\006\251\006\110\006\046\006\061\006\314\040\014\006\107\006\047\000\040\000\050\000I\000n\000t\000e\000r\000-\000Q\000u\000e\000r\000y\000-\000P\000a\000r\000a\000l\000l\000e\000l\000i\000s\000m\000\051}{}% 21
\BOOKMARK [1][-]{section.11}{\376\377\006\105\006\110\006\047\006\062\006\314\040\014\006\063\006\047\006\062\006\314\000\040\006\057\006\061\006\110\006\106\000\040\006\251\006\110\006\046\006\061\006\314\000\040\000\050\000I\000n\000t\000r\000a\000-\000Q\000u\000e\000r\000y\000-\000P\000a\000r\000a\000l\000l\000e\000l\000i\000s\000m\000\051}{}% 22
\BOOKMARK [2][-]{subsubsection.11.0.1}{\376\377\006\105\006\110\006\047\006\062\006\314\040\014\006\063\006\047\006\062\006\314\000\040\006\057\006\061\006\110\006\106\040\014\006\071\006\105\006\104\006\257\006\061\000\040\000\050\006\047\006\101\006\102\006\314\000\051}{section.11}% 23
\BOOKMARK [3][-]{subsubsection.11.0.2}{\376\377\006\105\006\110\006\047\006\062\006\314\040\014\006\063\006\047\006\062\006\314\000\040\006\050\006\314\006\106\040\014\006\071\006\105\006\104\006\257\006\061\000\040\000\050\006\071\006\105\006\110\006\057\006\314\000\051}{subsubsection.11.0.1}% 24
\BOOKMARK [3][-]{subsubsection.11.0.3}{\376\377\006\105\006\110\006\047\006\062\006\314\040\014\006\063\006\047\006\062\006\314\000\040\006\050\006\110\006\064\006\314\000\040\000\050\000B\000u\000s\000h\000y\000-\000P\000a\000r\000a\000l\000l\000e\000l\000i\000s\000m\000\051}{subsubsection.11.0.1}% 25
\BOOKMARK [1][-]{section.12}{\376\377\006\105\006\110\006\047\006\062\006\314\040\014\006\063\006\047\006\062\006\314\000\040\000I\000/\000O}{}% 26
\BOOKMARK [2][-]{subsection.12.1}{\376\377\006\105\006\110\006\047\006\062\006\314\040\014\006\063\006\047\006\062\006\314\000\040\006\206\006\106\006\057\000\040\006\057\006\314\006\063\006\251}{section.12}% 27
\BOOKMARK [2][-]{subsection.12.2}{\376\377\006\176\006\047\006\061\006\052\006\314\006\064\006\106\040\014\006\050\006\106\006\057\006\314\000\040\006\176\006\047\006\314\006\257\006\047\006\107\040\014\006\057\006\047\006\057\006\107}{section.12}% 28
